<?xml version="1.0" encoding="UTF-8"?>
<!-- Generated by org.testng.reporters.JUnitXMLReporter -->
<testsuite ignored="0" hostname="vivobook-asuslaptop-x512flc-x512fl" failures="0" tests="27" name="Default test" time="81.538" errors="0" timestamp="2023-10-05T10:21:03 IST">
  <testcase classname="MRI_viewer.API_Testing" name="Public_5brains" time="1.718"/>
  <testcase classname="MRI_viewer.API_Testing" name="Maskimage_141" time="0.097"/>
  <testcase classname="MRI_viewer.API_Testing" name="Maskimage_222" time="0.083"/>
  <testcase classname="MRI_viewer.API_Testing" name="Maskimage_212" time="0.075"/>
  <testcase classname="MRI_viewer.API_Testing" name="Maskimage_142" time="0.051"/>
  <testcase classname="MRI_viewer.API_Testing" name="Maskimage_213" time="0.048"/>
  <testcase classname="MRI_viewer.API_Testing" name="MRIimage_222" time="0.403"/>
  <testcase classname="MRI_viewer.API_Testing" name="Mapping_222" time="0.167"/>
  <testcase classname="MRI_viewer.API_Testing" name="B_222_public_sections" time="0.363"/>
  <testcase classname="MRI_viewer.API_Testing" name="GetBrainviewerdetailsof_B222" time="0.652"/>
  <testcase classname="MRI_viewer.API_Testing" name="Getthumbnailsdetailsof_B222" time="0.965"/>
  <testcase classname="MRI_viewer.API_Testing" name="MRIimage_141" time="0.369"/>
  <testcase classname="MRI_viewer.API_Testing" name="B_141_public_sections" time="0.215"/>
  <testcase classname="MRI_viewer.API_Testing" name="GetBrainviewerdetailsof_B141" time="0.742"/>
  <testcase classname="MRI_viewer.API_Testing" name="Getthumbnailsdetailsof_B141" time="0.88"/>
  <testcase classname="MRI_viewer.API_Testing" name="MRIimage_212" time="15.429"/>
  <testcase classname="MRI_viewer.API_Testing" name="B_212_public_sections" time="0.196"/>
  <testcase classname="MRI_viewer.API_Testing" name="GetBrainviewerdetailsof_B212" time="0.535"/>
  <testcase classname="MRI_viewer.API_Testing" name="Getthumbnailsdetailsof_B212" time="0.98"/>
  <testcase classname="MRI_viewer.API_Testing" name="MRIimage_142" time="16.887"/>
  <testcase classname="MRI_viewer.API_Testing" name="B_142_public_sections" time="1.731"/>
  <testcase classname="MRI_viewer.API_Testing" name="GetBrainviewerdetailsof_B142" time="0.545"/>
  <testcase classname="MRI_viewer.API_Testing" name="Getthumbnailsdetailsof_B142" time="1.039"/>
  <testcase classname="MRI_viewer.API_Testing" name="MRIimage_213" time="16.947"/>
  <testcase classname="MRI_viewer.API_Testing" name="B_213_public_sections" time="0.2"/>
  <testcase classname="MRI_viewer.API_Testing" name="GetBrainviewerdetailsof_B213" time="0.763"/>
  <testcase classname="MRI_viewer.API_Testing" name="Getthumbnailsdetailsof_B213" time="19.372"/>
</testsuite> <!-- Default test -->
