<?xml version="1.0" encoding="UTF-8"?>
<testng-results ignored="0" total="27" passed="27" failed="0" skipped="0">
  <reporter-output>
  </reporter-output>
  <suite started-at="2023-10-05T10:19:42 IST" name="Default suite" finished-at="2023-10-05T10:21:03 IST" duration-ms="81538">
    <groups>
    </groups>
    <test started-at="2023-10-05T10:19:42 IST" name="Default test" finished-at="2023-10-05T10:21:03 IST" duration-ms="81538">
      <class name="MRI_viewer.API_Testing">
        <test-method signature="Public_5brains()[pri:1, instance:MRI_viewer.API_Testing@2ed2d9cb]" started-at="2023-10-05T10:19:42 IST" name="Public_5brains" finished-at="2023-10-05T10:19:44 IST" duration-ms="1718" status="PASS">
          <reporter-output>
          </reporter-output>
        </test-method> <!-- Public_5brains -->
        <test-method signature="Maskimage_141()[pri:2, instance:MRI_viewer.API_Testing@2ed2d9cb]" started-at="2023-10-05T10:19:44 IST" name="Maskimage_141" finished-at="2023-10-05T10:19:44 IST" duration-ms="97" status="PASS">
          <reporter-output>
          </reporter-output>
        </test-method> <!-- Maskimage_141 -->
        <test-method signature="Maskimage_222()[pri:3, instance:MRI_viewer.API_Testing@2ed2d9cb]" started-at="2023-10-05T10:19:44 IST" name="Maskimage_222" finished-at="2023-10-05T10:19:44 IST" duration-ms="83" status="PASS">
          <reporter-output>
          </reporter-output>
        </test-method> <!-- Maskimage_222 -->
        <test-method signature="Maskimage_212()[pri:4, instance:MRI_viewer.API_Testing@2ed2d9cb]" started-at="2023-10-05T10:19:44 IST" name="Maskimage_212" finished-at="2023-10-05T10:19:44 IST" duration-ms="75" status="PASS">
          <reporter-output>
          </reporter-output>
        </test-method> <!-- Maskimage_212 -->
        <test-method signature="Maskimage_142()[pri:5, instance:MRI_viewer.API_Testing@2ed2d9cb]" started-at="2023-10-05T10:19:44 IST" name="Maskimage_142" finished-at="2023-10-05T10:19:44 IST" duration-ms="51" status="PASS">
          <reporter-output>
          </reporter-output>
        </test-method> <!-- Maskimage_142 -->
        <test-method signature="Maskimage_213()[pri:6, instance:MRI_viewer.API_Testing@2ed2d9cb]" started-at="2023-10-05T10:19:44 IST" name="Maskimage_213" finished-at="2023-10-05T10:19:44 IST" duration-ms="48" status="PASS">
          <reporter-output>
          </reporter-output>
        </test-method> <!-- Maskimage_213 -->
        <test-method signature="MRIimage_222()[pri:7, instance:MRI_viewer.API_Testing@2ed2d9cb]" started-at="2023-10-05T10:19:44 IST" name="MRIimage_222" finished-at="2023-10-05T10:19:44 IST" duration-ms="403" status="PASS">
          <reporter-output>
          </reporter-output>
        </test-method> <!-- MRIimage_222 -->
        <test-method signature="Mapping_222()[pri:8, instance:MRI_viewer.API_Testing@2ed2d9cb]" started-at="2023-10-05T10:19:44 IST" name="Mapping_222" finished-at="2023-10-05T10:19:45 IST" duration-ms="167" status="PASS">
          <reporter-output>
          </reporter-output>
        </test-method> <!-- Mapping_222 -->
        <test-method signature="B_222_public_sections()[pri:9, instance:MRI_viewer.API_Testing@2ed2d9cb]" started-at="2023-10-05T10:19:45 IST" name="B_222_public_sections" finished-at="2023-10-05T10:19:45 IST" duration-ms="363" status="PASS">
          <reporter-output>
          </reporter-output>
        </test-method> <!-- B_222_public_sections -->
        <test-method signature="GetBrainviewerdetailsof_B222()[pri:10, instance:MRI_viewer.API_Testing@2ed2d9cb]" started-at="2023-10-05T10:19:45 IST" name="GetBrainviewerdetailsof_B222" finished-at="2023-10-05T10:19:46 IST" duration-ms="652" status="PASS">
          <reporter-output>
          </reporter-output>
        </test-method> <!-- GetBrainviewerdetailsof_B222 -->
        <test-method signature="Getthumbnailsdetailsof_B222()[pri:11, instance:MRI_viewer.API_Testing@2ed2d9cb]" started-at="2023-10-05T10:19:46 IST" name="Getthumbnailsdetailsof_B222" finished-at="2023-10-05T10:19:47 IST" duration-ms="965" status="PASS">
          <reporter-output>
          </reporter-output>
        </test-method> <!-- Getthumbnailsdetailsof_B222 -->
        <test-method signature="MRIimage_141()[pri:12, instance:MRI_viewer.API_Testing@2ed2d9cb]" started-at="2023-10-05T10:19:47 IST" name="MRIimage_141" finished-at="2023-10-05T10:19:47 IST" duration-ms="369" status="PASS">
          <reporter-output>
          </reporter-output>
        </test-method> <!-- MRIimage_141 -->
        <test-method signature="B_141_public_sections()[pri:13, instance:MRI_viewer.API_Testing@2ed2d9cb]" started-at="2023-10-05T10:19:47 IST" name="B_141_public_sections" finished-at="2023-10-05T10:19:47 IST" duration-ms="215" status="PASS">
          <reporter-output>
          </reporter-output>
        </test-method> <!-- B_141_public_sections -->
        <test-method signature="GetBrainviewerdetailsof_B141()[pri:14, instance:MRI_viewer.API_Testing@2ed2d9cb]" started-at="2023-10-05T10:19:47 IST" name="GetBrainviewerdetailsof_B141" finished-at="2023-10-05T10:19:48 IST" duration-ms="742" status="PASS">
          <reporter-output>
          </reporter-output>
        </test-method> <!-- GetBrainviewerdetailsof_B141 -->
        <test-method signature="Getthumbnailsdetailsof_B141()[pri:15, instance:MRI_viewer.API_Testing@2ed2d9cb]" started-at="2023-10-05T10:19:48 IST" name="Getthumbnailsdetailsof_B141" finished-at="2023-10-05T10:19:49 IST" duration-ms="880" status="PASS">
          <reporter-output>
          </reporter-output>
        </test-method> <!-- Getthumbnailsdetailsof_B141 -->
        <test-method signature="MRIimage_212()[pri:16, instance:MRI_viewer.API_Testing@2ed2d9cb]" started-at="2023-10-05T10:19:49 IST" name="MRIimage_212" finished-at="2023-10-05T10:20:04 IST" duration-ms="15429" status="PASS">
          <reporter-output>
          </reporter-output>
        </test-method> <!-- MRIimage_212 -->
        <test-method signature="B_212_public_sections()[pri:17, instance:MRI_viewer.API_Testing@2ed2d9cb]" started-at="2023-10-05T10:20:04 IST" name="B_212_public_sections" finished-at="2023-10-05T10:20:04 IST" duration-ms="196" status="PASS">
          <reporter-output>
          </reporter-output>
        </test-method> <!-- B_212_public_sections -->
        <test-method signature="GetBrainviewerdetailsof_B212()[pri:18, instance:MRI_viewer.API_Testing@2ed2d9cb]" started-at="2023-10-05T10:20:04 IST" name="GetBrainviewerdetailsof_B212" finished-at="2023-10-05T10:20:05 IST" duration-ms="535" status="PASS">
          <reporter-output>
          </reporter-output>
        </test-method> <!-- GetBrainviewerdetailsof_B212 -->
        <test-method signature="Getthumbnailsdetailsof_B212()[pri:19, instance:MRI_viewer.API_Testing@2ed2d9cb]" started-at="2023-10-05T10:20:05 IST" name="Getthumbnailsdetailsof_B212" finished-at="2023-10-05T10:20:06 IST" duration-ms="980" status="PASS">
          <reporter-output>
          </reporter-output>
        </test-method> <!-- Getthumbnailsdetailsof_B212 -->
        <test-method signature="MRIimage_142()[pri:20, instance:MRI_viewer.API_Testing@2ed2d9cb]" started-at="2023-10-05T10:20:06 IST" name="MRIimage_142" finished-at="2023-10-05T10:20:23 IST" duration-ms="16887" status="PASS">
          <reporter-output>
          </reporter-output>
        </test-method> <!-- MRIimage_142 -->
        <test-method signature="B_142_public_sections()[pri:21, instance:MRI_viewer.API_Testing@2ed2d9cb]" started-at="2023-10-05T10:20:23 IST" name="B_142_public_sections" finished-at="2023-10-05T10:20:25 IST" duration-ms="1731" status="PASS">
          <reporter-output>
          </reporter-output>
        </test-method> <!-- B_142_public_sections -->
        <test-method signature="GetBrainviewerdetailsof_B142()[pri:22, instance:MRI_viewer.API_Testing@2ed2d9cb]" started-at="2023-10-05T10:20:25 IST" name="GetBrainviewerdetailsof_B142" finished-at="2023-10-05T10:20:25 IST" duration-ms="545" status="PASS">
          <reporter-output>
          </reporter-output>
        </test-method> <!-- GetBrainviewerdetailsof_B142 -->
        <test-method signature="Getthumbnailsdetailsof_B142()[pri:23, instance:MRI_viewer.API_Testing@2ed2d9cb]" started-at="2023-10-05T10:20:25 IST" name="Getthumbnailsdetailsof_B142" finished-at="2023-10-05T10:20:26 IST" duration-ms="1039" status="PASS">
          <reporter-output>
          </reporter-output>
        </test-method> <!-- Getthumbnailsdetailsof_B142 -->
        <test-method signature="MRIimage_213()[pri:24, instance:MRI_viewer.API_Testing@2ed2d9cb]" started-at="2023-10-05T10:20:26 IST" name="MRIimage_213" finished-at="2023-10-05T10:20:43 IST" duration-ms="16947" status="PASS">
          <reporter-output>
          </reporter-output>
        </test-method> <!-- MRIimage_213 -->
        <test-method signature="B_213_public_sections()[pri:25, instance:MRI_viewer.API_Testing@2ed2d9cb]" started-at="2023-10-05T10:20:43 IST" name="B_213_public_sections" finished-at="2023-10-05T10:20:43 IST" duration-ms="200" status="PASS">
          <reporter-output>
          </reporter-output>
        </test-method> <!-- B_213_public_sections -->
        <test-method signature="GetBrainviewerdetailsof_B213()[pri:26, instance:MRI_viewer.API_Testing@2ed2d9cb]" started-at="2023-10-05T10:20:43 IST" name="GetBrainviewerdetailsof_B213" finished-at="2023-10-05T10:20:44 IST" duration-ms="763" status="PASS">
          <reporter-output>
          </reporter-output>
        </test-method> <!-- GetBrainviewerdetailsof_B213 -->
        <test-method signature="Getthumbnailsdetailsof_B213()[pri:27, instance:MRI_viewer.API_Testing@2ed2d9cb]" started-at="2023-10-05T10:20:44 IST" name="Getthumbnailsdetailsof_B213" finished-at="2023-10-05T10:21:03 IST" duration-ms="19372" status="PASS">
          <reporter-output>
          </reporter-output>
        </test-method> <!-- Getthumbnailsdetailsof_B213 -->
      </class> <!-- MRI_viewer.API_Testing -->
    </test> <!-- Default test -->
  </suite> <!-- Default suite -->
</testng-results>
